<?xml version="1.0" encoding="UTF-8"?>
<!-- Generated by org.testng.reporters.JUnitReportReporter -->
<testsuite hostname="TR-7TCTDX3" failures="0" tests="1" name="testcases.HomePageTest" time="0.003" errors="0" timestamp="2025-03-07T16:33:43 IST" skipped="0">
  <testcase classname="testcases.HomePageTest" name="homePageTest" time="0.003"/>
</testsuite> <!-- testcases.HomePageTest -->
