<?xml version="1.0" encoding="UTF-8"?>
<!-- Generated by org.testng.reporters.JUnitReportReporter -->
<testsuite hostname="TR-7TCTDX3" failures="0" tests="4" name="testcases.LogHoursTest" time="14.420" errors="0" timestamp="2025-04-17T17:59:21 IST" skipped="0">
  <testcase classname="testcases.LogHoursTest" name="AddloginHours" time="2.921"/>
  <testcase classname="testcases.LogHoursTest" name="AddStrategyHours" time="2.954"/>
  <testcase classname="testcases.LogHoursTest" name="AddVacationHours" time="2.864"/>
  <testcase classname="testcases.LogHoursTest" name="Savetime" time="5.681"/>
</testsuite> <!-- testcases.LogHoursTest -->
