<?xml version="1.0" encoding="UTF-8"?>
<!-- Generated by org.testng.reporters.JUnitReportReporter -->
<testsuite hostname="TR-7TCTDX3" failures="0" tests="1" name="testcases.LoginTest" time="35.036" errors="0" timestamp="2025-04-17T17:59:21 IST" skipped="0">
  <testcase classname="testcases.LoginTest" name="loginTest" time="35.036"/>
</testsuite> <!-- testcases.LoginTest -->
